<?xml version="1.0" encoding="UTF-8"?>
<!-- Generated by org.testng.reporters.JUnitReportReporter -->
<testsuite hostname="INW1PF1PY3M7" name="com.AutoHero.Testcases.WebTest" tests="1" failures="0" timestamp="26 Feb 2020 19:31:36 GMT" time="70.470" errors="0">
  <testcase name="autoSearchTest" time="70.470" classname="com.AutoHero.Testcases.WebTest"/>
</testsuite> <!-- com.AutoHero.Testcases.WebTest -->
